0 info it worked if it ends with ok
1 verbose cli [ 'node', '/usr/local/bin/npm', 'install', 'npm', '-g', '4.1' ]
2 info using npm@3.5.3
3 info using node@v0.12.7
4 verbose node symlink /usr/local/bin/node
5 silly loadCurrentTree Starting
6 silly install loadCurrentTree
7 silly install readGlobalPackageData
8 silly fetchPackageMetaData npm
9 silly fetchPackageMetaData 4.1
10 silly fetchNamedPackageData npm
11 silly mapToRegistry name npm
12 silly mapToRegistry using default registry
13 silly mapToRegistry registry https://registry.npmjs.org/
14 silly mapToRegistry uri https://registry.npmjs.org/npm
15 silly fetchNamedPackageData 4.1
16 silly mapToRegistry name 4.1
17 silly mapToRegistry using default registry
18 silly mapToRegistry registry https://registry.npmjs.org/
19 silly mapToRegistry uri https://registry.npmjs.org/4.1
20 verbose request uri https://registry.npmjs.org/4.1
21 verbose request no auth needed
22 info attempt registry request try #1 at 20:37:24
23 verbose request id 3fb75ed366df4241
24 http request GET https://registry.npmjs.org/4.1
25 verbose request uri https://registry.npmjs.org/npm
26 verbose request no auth needed
27 info attempt registry request try #1 at 20:37:25
28 verbose etag "9OK7GBWM8ANIFFHRO458MXWT1"
29 http request GET https://registry.npmjs.org/npm
30 http 304 https://registry.npmjs.org/npm
31 verbose headers { date: 'Wed, 27 Jan 2016 01:37:25 GMT',
31 verbose headers   via: '1.1 varnish',
31 verbose headers   'cache-control': 'max-age=300',
31 verbose headers   etag: '"9OK7GBWM8ANIFFHRO458MXWT1"',
31 verbose headers   age: '47',
31 verbose headers   connection: 'keep-alive',
31 verbose headers   'x-served-by': 'cache-sjc3134-SJC',
31 verbose headers   'x-cache': 'HIT',
31 verbose headers   'x-cache-hits': '2',
31 verbose headers   'x-timer': 'S1453858645.100212,VS0,VE0',
31 verbose headers   vary: 'Accept' }
32 silly get cb [ 304,
32 silly get   { date: 'Wed, 27 Jan 2016 01:37:25 GMT',
32 silly get     via: '1.1 varnish',
32 silly get     'cache-control': 'max-age=300',
32 silly get     etag: '"9OK7GBWM8ANIFFHRO458MXWT1"',
32 silly get     age: '47',
32 silly get     connection: 'keep-alive',
32 silly get     'x-served-by': 'cache-sjc3134-SJC',
32 silly get     'x-cache': 'HIT',
32 silly get     'x-cache-hits': '2',
32 silly get     'x-timer': 'S1453858645.100212,VS0,VE0',
32 silly get     vary: 'Accept' } ]
33 verbose etag https://registry.npmjs.org/npm from cache
34 verbose get saving npm to /Users/Jose/.npm/registry.npmjs.org/npm/.cache.json
35 http 404 https://registry.npmjs.org/4.1
36 verbose headers { 'content-type': 'application/json',
36 verbose headers   'cache-control': 'max-age=0',
36 verbose headers   'content-length': '2',
36 verbose headers   'accept-ranges': 'bytes',
36 verbose headers   date: 'Wed, 27 Jan 2016 01:37:25 GMT',
36 verbose headers   via: '1.1 varnish',
36 verbose headers   age: '0',
36 verbose headers   connection: 'keep-alive',
36 verbose headers   'x-served-by': 'cache-sjc3124-SJC',
36 verbose headers   'x-cache': 'MISS',
36 verbose headers   'x-cache-hits': '0',
36 verbose headers   'x-timer': 'S1453858645.000330,VS0,VE164' }
37 silly get cb [ 404,
37 silly get   { 'content-type': 'application/json',
37 silly get     'cache-control': 'max-age=0',
37 silly get     'content-length': '2',
37 silly get     'accept-ranges': 'bytes',
37 silly get     date: 'Wed, 27 Jan 2016 01:37:25 GMT',
37 silly get     via: '1.1 varnish',
37 silly get     age: '0',
37 silly get     connection: 'keep-alive',
37 silly get     'x-served-by': 'cache-sjc3124-SJC',
37 silly get     'x-cache': 'MISS',
37 silly get     'x-cache-hits': '0',
37 silly get     'x-timer': 'S1453858645.000330,VS0,VE164' } ]
38 silly fetchPackageMetaData Error: Registry returned 404 for GET on https://registry.npmjs.org/4.1
38 silly fetchPackageMetaData     at makeError (/usr/local/lib/node_modules/npm/node_modules/npm-registry-client/lib/request.js:264:12)
38 silly fetchPackageMetaData     at CachingRegistryClient.<anonymous> (/usr/local/lib/node_modules/npm/node_modules/npm-registry-client/lib/request.js:242:14)
38 silly fetchPackageMetaData     at Request._callback (/usr/local/lib/node_modules/npm/node_modules/npm-registry-client/lib/request.js:172:14)
38 silly fetchPackageMetaData     at Request.self.callback (/usr/local/lib/node_modules/npm/node_modules/request/request.js:198:22)
38 silly fetchPackageMetaData     at Request.emit (events.js:110:17)
38 silly fetchPackageMetaData     at Request.<anonymous> (/usr/local/lib/node_modules/npm/node_modules/request/request.js:1035:10)
38 silly fetchPackageMetaData     at Request.emit (events.js:129:20)
38 silly fetchPackageMetaData     at IncomingMessage.<anonymous> (/usr/local/lib/node_modules/npm/node_modules/request/request.js:962:12)
38 silly fetchPackageMetaData     at IncomingMessage.emit (events.js:129:20)
38 silly fetchPackageMetaData     at _stream_readable.js:908:16
38 silly fetchPackageMetaData  error for 4.1 { [Error: Registry returned 404 for GET on https://registry.npmjs.org/4.1] pkgid: '4.1', statusCode: 404, code: 'E404' }
39 silly rollbackFailedOptional Starting
40 silly rollbackFailedOptional Finishing
41 silly runTopLevelLifecycles Starting
42 silly runTopLevelLifecycles Finishing
43 silly install printInstalled
44 verbose stack Error: Registry returned 404 for GET on https://registry.npmjs.org/4.1
44 verbose stack     at makeError (/usr/local/lib/node_modules/npm/node_modules/npm-registry-client/lib/request.js:264:12)
44 verbose stack     at CachingRegistryClient.<anonymous> (/usr/local/lib/node_modules/npm/node_modules/npm-registry-client/lib/request.js:242:14)
44 verbose stack     at Request._callback (/usr/local/lib/node_modules/npm/node_modules/npm-registry-client/lib/request.js:172:14)
44 verbose stack     at Request.self.callback (/usr/local/lib/node_modules/npm/node_modules/request/request.js:198:22)
44 verbose stack     at Request.emit (events.js:110:17)
44 verbose stack     at Request.<anonymous> (/usr/local/lib/node_modules/npm/node_modules/request/request.js:1035:10)
44 verbose stack     at Request.emit (events.js:129:20)
44 verbose stack     at IncomingMessage.<anonymous> (/usr/local/lib/node_modules/npm/node_modules/request/request.js:962:12)
44 verbose stack     at IncomingMessage.emit (events.js:129:20)
44 verbose stack     at _stream_readable.js:908:16
45 verbose statusCode 404
46 verbose pkgid 4.1
47 verbose cwd /Users/Jose/projects/tesis/opal-music
48 error Darwin 14.0.0
49 error argv "node" "/usr/local/bin/npm" "install" "npm" "-g" "4.1"
50 error node v0.12.7
51 error npm  v3.5.3
52 error code E404
53 error 404 Registry returned 404 for GET on https://registry.npmjs.org/4.1
54 error 404
55 error 404 '4.1' is not in the npm registry.
56 error 404 You should bug the author to publish it (or use the name yourself!)
57 error 404 Note that you can also install from a
58 error 404 tarball, folder, http url, or git url.
59 verbose exit [ 1, true ]
